<?xml version="1.0" encoding="UTF-8"?>
<testng-results ignored="0" total="1" passed="1" failed="0" skipped="0">
  <reporter-output>
  </reporter-output>
  <suite started-at="2025-03-04T20:43:34 EST" name="Default suite" finished-at="2025-03-04T20:43:53 EST" duration-ms="19279">
    <groups>
      <group name="cucumber">
        <method signature="AbstractTestNGCucumberTests.runScenario(io.cucumber.testng.PickleWrapper,io.cucumber.testng.FeatureWrapper)[pri:0, instance:testRunner.TestRun@25be7b63]" name="runScenario" class="io.cucumber.testng.AbstractTestNGCucumberTests"/>
      </group> <!-- cucumber -->
    </groups>
    <test started-at="2025-03-04T20:43:34 EST" name="Default test" finished-at="2025-03-04T20:43:53 EST" duration-ms="19279">
      <class name="testRunner.TestRun">
        <test-method is-config="true" signature="setUpClass(org.testng.ITestContext)[pri:0, instance:testRunner.TestRun@25be7b63]" started-at="2025-03-04T20:43:34 EST" name="setUpClass" finished-at="2025-03-04T20:43:36 EST" duration-ms="2329" status="PASS">
          <params>
            <param index="0">
              <value>
                <![CDATA[org.testng.TestRunner@6c6333cd]]>
              </value>
            </param>
          </params>
          <reporter-output>
          </reporter-output>
        </test-method> <!-- setUpClass -->
        <test-method signature="runScenario(io.cucumber.testng.PickleWrapper,io.cucumber.testng.FeatureWrapper)[pri:0, instance:testRunner.TestRun@25be7b63]" started-at="2025-03-04T20:43:36 EST" name="runScenario" description="Runs Cucumber Scenarios" data-provider="scenarios" finished-at="2025-03-04T20:43:51 EST" duration-ms="15154" status="PASS">
          <params>
            <param index="0">
              <value>
                <![CDATA["Validate login with valid data in all field"]]>
              </value>
            </param>
            <param index="1">
              <value>
                <![CDATA["Login  Page Verification"]]>
              </value>
            </param>
          </params>
          <reporter-output>
          </reporter-output>
        </test-method> <!-- runScenario -->
        <test-method is-config="true" signature="tearDownClass()[pri:0, instance:testRunner.TestRun@25be7b63]" started-at="2025-03-04T20:43:51 EST" name="tearDownClass" finished-at="2025-03-04T20:43:53 EST" duration-ms="1664" status="PASS">
          <reporter-output>
          </reporter-output>
        </test-method> <!-- tearDownClass -->
      </class> <!-- testRunner.TestRun -->
    </test> <!-- Default test -->
  </suite> <!-- Default suite -->
</testng-results>
