<?xml version="1.0" encoding="UTF-8"?>
<testng-results ignored="0" total="1" passed="0" failed="1" skipped="0">
  <reporter-output>
  </reporter-output>
  <suite started-at="2025-02-28T13:31:06 EST" name="Default suite" finished-at="2025-02-28T13:31:09 EST" duration-ms="3659">
    <groups>
      <group name="cucumber">
        <method signature="AbstractTestNGCucumberTests.runScenario(io.cucumber.testng.PickleWrapper,io.cucumber.testng.FeatureWrapper)[pri:0, instance:testRunner.TestRun@4d0d9fe7]" name="runScenario" class="io.cucumber.testng.AbstractTestNGCucumberTests"/>
      </group> <!-- cucumber -->
    </groups>
    <test started-at="2025-02-28T13:31:06 EST" name="Default test" finished-at="2025-02-28T13:31:09 EST" duration-ms="3659">
      <class name="testRunner.TestRun">
        <test-method is-config="true" signature="setUpClass(org.testng.ITestContext)[pri:0, instance:testRunner.TestRun@4d0d9fe7]" started-at="2025-02-28T13:31:06 EST" name="setUpClass" finished-at="2025-02-28T13:31:07 EST" duration-ms="798" status="PASS">
          <params>
            <param index="0">
              <value>
                <![CDATA[org.testng.TestRunner@20765ed5]]>
              </value>
            </param>
          </params>
          <reporter-output>
          </reporter-output>
        </test-method> <!-- setUpClass -->
        <test-method signature="runScenario(io.cucumber.testng.PickleWrapper,io.cucumber.testng.FeatureWrapper)[pri:0, instance:testRunner.TestRun@4d0d9fe7]" started-at="2025-02-28T13:31:07 EST" name="runScenario" description="Runs Cucumber Scenarios" data-provider="scenarios" finished-at="2025-02-28T13:31:09 EST" duration-ms="2747" status="FAIL">
          <params>
            <param index="0">
              <value>
                <![CDATA["Validate login with valid data in all field"]]>
              </value>
            </param>
            <param index="1">
              <value>
                <![CDATA["Login  Page Verification"]]>
              </value>
            </param>
          </params>
          <exception class="java.lang.NullPointerException">
            <message>
              <![CDATA[Cannot invoke "pageObjects.LoginPage.navigateToAppUrl()" because "this.picoObject.loginPage" is null]]>
            </message>
            <full-stacktrace>
              <![CDATA[java.lang.NullPointerException: Cannot invoke "pageObjects.LoginPage.navigateToAppUrl()" because "this.picoObject.loginPage" is null
at stepDefinitions.LoginSteps.admin_gives_the_correct_lms_portal_url(LoginSteps.java:38)
at ✽.Admin gives the correct LMS portal URL(file:///C:/Users/reshu/git/LMS-UI-BDD-Framewrok/lmsUI/src/test/resources/FeaturesFiles/TC001_Login.feature:7)
]]>
            </full-stacktrace>
          </exception> <!-- java.lang.NullPointerException -->
          <reporter-output>
          </reporter-output>
        </test-method> <!-- runScenario -->
        <test-method is-config="true" signature="tearDownClass()[pri:0, instance:testRunner.TestRun@4d0d9fe7]" started-at="2025-02-28T13:31:09 EST" name="tearDownClass" finished-at="2025-02-28T13:31:09 EST" duration-ms="35" status="PASS">
          <reporter-output>
          </reporter-output>
        </test-method> <!-- tearDownClass -->
      </class> <!-- testRunner.TestRun -->
    </test> <!-- Default test -->
  </suite> <!-- Default suite -->
</testng-results>
