<?xml version="1.0" encoding="UTF-8"?>
<!-- Generated by org.testng.reporters.JUnitReportReporter -->
<testsuite hostname="LAPTOP-V3RUJ3A4" failures="0" tests="1" name="testRunner.TestRun" time="2.747" errors="1" timestamp="2025-02-28T13:31:10 EST" skipped="0">
  <testcase classname="testRunner.TestRun" name="runScenario" time="2.747">
    <error message="Cannot invoke &quot;pageObjects.LoginPage.navigateToAppUrl()&quot; because &quot;this.picoObject.loginPage&quot; is null" type="java.lang.NullPointerException">
      <![CDATA[java.lang.NullPointerException: Cannot invoke "pageObjects.LoginPage.navigateToAppUrl()" because "this.picoObject.loginPage" is null
at stepDefinitions.LoginSteps.admin_gives_the_correct_lms_portal_url(LoginSteps.java:38)
at ✽.Admin gives the correct LMS portal URL(file:///C:/Users/reshu/git/LMS-UI-BDD-Framewrok/lmsUI/src/test/resources/FeaturesFiles/TC001_Login.feature:7)
]]>
    </error>
  </testcase> <!-- runScenario -->
  <system-out/>
</testsuite> <!-- testRunner.TestRun -->
